# JRE version: Java(TM) SE Runtime Environment (8.0_131-b11) (build 1.8.0_131-b11)
# Java VM: Java HotSpot(TM) 64-Bit Server VM (25.131-b11 mixed mode windows-amd64 compressed oops)
Heap:
 PSYoungGen      total 186880K, used 30950K [0x00000000d5e00000, 0x00000000e2600000, 0x0000000100000000)
  eden space 175104K, 11% used [0x00000000d5e00000,0x00000000d72356b0,0x00000000e0900000)
  from space 11776K, 87% used [0x00000000e1500000,0x00000000e1f04300,0x00000000e2080000)
  to   space 12288K, 0% used [0x00000000e0900000,0x00000000e0900000,0x00000000e1500000)
 ParOldGen       total 99840K, used 20974K [0x0000000081a00000, 0x0000000087b80000, 0x00000000d5e00000)
  object space 99840K, 21% used [0x0000000081a00000,0x0000000082e7b800,0x0000000087b80000)
 Metaspace       used 61527K, capacity 61964K, committed 62080K, reserved 1101824K
  class space    used 9434K, capacity 9555K, committed 9600K, reserved 1048576K
GC Heap History (10 events):
Event: 9.478 GC heap before
{Heap before GC invocations=11 (full 2):
 PSYoungGen      total 118784K, used 111104K [0x00000000d5e00000, 0x00000000ddb80000, 0x0000000100000000)
  eden space 111104K, 100% used [0x00000000d5e00000,0x00000000dca80000,0x00000000dca80000)
  from space 7680K, 0% used [0x00000000dd400000,0x00000000dd400000,0x00000000ddb80000)
  to   space 8704K, 0% used [0x00000000dca80000,0x00000000dca80000,0x00000000dd300000)
 ParOldGen       total 68608K, used 10656K [0x0000000081a00000, 0x0000000085d00000, 0x00000000d5e00000)
  object space 68608K, 15% used [0x0000000081a00000,0x00000000824680c8,0x0000000085d00000)
 Metaspace       used 41802K, capacity 42080K, committed 42368K, reserved 1085440K
  class space    used 5902K, capacity 5998K, committed 6016K, reserved 1048576K
Event: 9.492 GC heap after
Heap after GC invocations=11 (full 2):
 PSYoungGen      total 119808K, used 8703K [0x00000000d5e00000, 0x00000000dfd80000, 0x0000000100000000)
  eden space 111104K, 0% used [0x00000000d5e00000,0x00000000d5e00000,0x00000000dca80000)
  from space 8704K, 99% used [0x00000000dca80000,0x00000000dd2ffc08,0x00000000dd300000)
  to   space 9728K, 0% used [0x00000000df400000,0x00000000df400000,0x00000000dfd80000)
 ParOldGen       total 68608K, used 11531K [0x0000000081a00000, 0x0000000085d00000, 0x00000000d5e00000)
  object space 68608K, 16% used [0x0000000081a00000,0x0000000082542f00,0x0000000085d00000)
 Metaspace       used 41802K, capacity 42080K, committed 42368K, reserved 1085440K
  class space    used 5902K, capacity 5998K, committed 6016K, reserved 1048576K
}
Event: 13.234 GC heap before
{Heap before GC invocations=12 (full 2):
 PSYoungGen      total 119808K, used 119807K [0x00000000d5e00000, 0x00000000dfd80000, 0x0000000100000000)
  eden space 111104K, 100% used [0x00000000d5e00000,0x00000000dca80000,0x00000000dca80000)
  from space 8704K, 99% used [0x00000000dca80000,0x00000000dd2ffc08,0x00000000dd300000)
  to   space 9728K, 0% used [0x00000000df400000,0x00000000df400000,0x00000000dfd80000)
 ParOldGen       total 68608K, used 11531K [0x0000000081a00000, 0x0000000085d00000, 0x00000000d5e00000)
  object space 68608K, 16% used [0x0000000081a00000,0x0000000082542f00,0x0000000085d00000)
 Metaspace       used 50303K, capacity 50754K, committed 50944K, reserved 1093632K
  class space    used 7533K, capacity 7676K, committed 7680K, reserved 1048576K
Event: 13.247 GC heap after
Heap after GC invocations=12 (full 2):
 PSYoungGen      total 149504K, used 9704K [0x00000000d5e00000, 0x00000000dfd80000, 0x0000000100000000)
  eden space 139776K, 0% used [0x00000000d5e00000,0x00000000d5e00000,0x00000000de680000)
  from space 9728K, 99% used [0x00000000df400000,0x00000000dfd7a208,0x00000000dfd80000)
  to   space 11264K, 0% used [0x00000000de780000,0x00000000de780000,0x00000000df280000)
 ParOldGen       total 68608K, used 13491K [0x0000000081a00000, 0x0000000085d00000, 0x00000000d5e00000)
  object space 68608K, 19% used [0x0000000081a00000,0x000000008272ccc0,0x0000000085d00000)
 Metaspace       used 50303K, capacity 50754K, committed 50944K, reserved 1093632K
  class space    used 7533K, capacity 7676K, committed 7680K, reserved 1048576K
}
Event: 14.138 GC heap before
{Heap before GC invocations=13 (full 2):
 PSYoungGen      total 149504K, used 84020K [0x00000000d5e00000, 0x00000000dfd80000, 0x0000000100000000)
  eden space 139776K, 53% used [0x00000000d5e00000,0x00000000da692ef0,0x00000000de680000)
  from space 9728K, 99% used [0x00000000df400000,0x00000000dfd7a208,0x00000000dfd80000)
  to   space 11264K, 0% used [0x00000000de780000,0x00000000de780000,0x00000000df280000)
 ParOldGen       total 68608K, used 13491K [0x0000000081a00000, 0x0000000085d00000, 0x00000000d5e00000)
  object space 68608K, 19% used [0x0000000081a00000,0x000000008272ccc0,0x0000000085d00000)
 Metaspace       used 58478K, capacity 58862K, committed 59008K, reserved 1099776K
  class space    used 8873K, capacity 8990K, committed 9088K, reserved 1048576K
Event: 14.152 GC heap after
Heap after GC invocations=13 (full 2):
 PSYoungGen      total 152064K, used 8353K [0x00000000d5e00000, 0x00000000e2080000, 0x0000000100000000)
  eden space 140800K, 0% used [0x00000000d5e00000,0x00000000d5e00000,0x00000000de780000)
  from space 11264K, 74% used [0x00000000de780000,0x00000000defa8630,0x00000000df280000)
  to   space 11776K, 0% used [0x00000000e1500000,0x00000000e1500000,0x00000000e2080000)
 ParOldGen       total 68608K, used 18275K [0x0000000081a00000, 0x0000000085d00000, 0x00000000d5e00000)
  object space 68608K, 26% used [0x0000000081a00000,0x0000000082bd8eb0,0x0000000085d00000)
 Metaspace       used 58478K, capacity 58862K, committed 59008K, reserved 1099776K
  class space    used 8873K, capacity 8990K, committed 9088K, reserved 1048576K
}
Event: 14.152 GC heap before
{Heap before GC invocations=14 (full 3):
 PSYoungGen      total 152064K, used 8353K [0x00000000d5e00000, 0x00000000e2080000, 0x0000000100000000)
  eden space 140800K, 0% used [0x00000000d5e00000,0x00000000d5e00000,0x00000000de780000)
  from space 11264K, 74% used [0x00000000de780000,0x00000000defa8630,0x00000000df280000)
  to   space 11776K, 0% used [0x00000000e1500000,0x00000000e1500000,0x00000000e2080000)
 ParOldGen       total 68608K, used 18275K [0x0000000081a00000, 0x0000000085d00000, 0x00000000d5e00000)
  object space 68608K, 26% used [0x0000000081a00000,0x0000000082bd8eb0,0x0000000085d00000)
 Metaspace       used 58478K, capacity 58862K, committed 59008K, reserved 1099776K
  class space    used 8873K, capacity 8990K, committed 9088K, reserved 1048576K
Event: 14.280 GC heap after
Heap after GC invocations=14 (full 3):
 PSYoungGen      total 152064K, used 0K [0x00000000d5e00000, 0x00000000e2080000, 0x0000000100000000)
  eden space 140800K, 0% used [0x00000000d5e00000,0x00000000d5e00000,0x00000000de780000)
  from space 11264K, 0% used [0x00000000de780000,0x00000000de780000,0x00000000df280000)
  to   space 11776K, 0% used [0x00000000e1500000,0x00000000e1500000,0x00000000e2080000)
 ParOldGen       total 99840K, used 20950K [0x0000000081a00000, 0x0000000087b80000, 0x00000000d5e00000)
  object space 99840K, 20% used [0x0000000081a00000,0x0000000082e75ba0,0x0000000087b80000)
 Metaspace       used 58475K, capacity 58856K, committed 59008K, reserved 1099776K
  class space    used 8873K, capacity 8989K, committed 9088K, reserved 1048576K
}
Event: 15.257 GC heap before
{Heap before GC invocations=15 (full 3):
 PSYoungGen      total 152064K, used 140800K [0x00000000d5e00000, 0x00000000e2080000, 0x0000000100000000)
  eden space 140800K, 100% used [0x00000000d5e00000,0x00000000de780000,0x00000000de780000)
  from space 11264K, 0% used [0x00000000de780000,0x00000000de780000,0x00000000df280000)
  to   space 11776K, 0% used [0x00000000e1500000,0x00000000e1500000,0x00000000e2080000)
 ParOldGen       total 99840K, used 20950K [0x0000000081a00000, 0x0000000087b80000, 0x00000000d5e00000)
  object space 99840K, 20% used [0x0000000081a00000,0x0000000082e75ba0,0x0000000087b80000)
 Metaspace       used 61513K, capacity 61900K, committed 62080K, reserved 1101824K
  class space    used 9430K, capacity 9555K, committed 9600K, reserved 1048576K
Event: 15.286 GC heap after
Heap after GC invocations=15 (full 3):
 PSYoungGen      total 186880K, used 10256K [0x00000000d5e00000, 0x00000000e2600000, 0x0000000100000000)
  eden space 175104K, 0% used [0x00000000d5e00000,0x00000000d5e00000,0x00000000e0900000)
  from space 11776K, 87% used [0x00000000e1500000,0x00000000e1f04300,0x00000000e2080000)
  to   space 12288K, 0% used [0x00000000e0900000,0x00000000e0900000,0x00000000e1500000)
 ParOldGen       total 99840K, used 20974K [0x0000000081a00000, 0x0000000087b80000, 0x00000000d5e00000)
  object space 99840K, 21% used [0x0000000081a00000,0x0000000082e7b800,0x0000000087b80000)
 Metaspace       used 61513K, capacity 61900K, committed 62080K, reserved 1101824K
  class space    used 9430K, capacity 9555K, committed 9600K, reserved 1048576K
}

